2017-08-25 14:53:08.161  INFO 24608 --- [restartedMain] com.ratsp.RatspApplication               : Starting RatspApplication on sir with PID 24608 (D:\java\idealwork\RATSP\target\classes started by dsir in D:\java\idealwork\RATSP)
2017-08-25 14:53:08.162 DEBUG 24608 --- [restartedMain] com.ratsp.RatspApplication               : Running with Spring Boot v1.5.3.RELEASE, Spring v4.3.8.RELEASE
2017-08-25 14:53:08.162  INFO 24608 --- [restartedMain] com.ratsp.RatspApplication               : No active profile set, falling back to default profiles: default
2017-08-25 14:53:08.282  INFO 24608 --- [restartedMain] ationConfigEmbeddedWebApplicationContext : Refreshing org.springframework.boot.context.embedded.AnnotationConfigEmbeddedWebApplicationContext@54d98863: startup date [Fri Aug 25 14:53:08 CST 2017]; root of context hierarchy
2017-08-25 14:53:10.130  INFO 24608 --- [restartedMain] s.b.c.e.t.TomcatEmbeddedServletContainer : Tomcat initialized with port(s): 8080 (http)
2017-08-25 14:53:10.140  INFO 24608 --- [restartedMain] o.apache.catalina.core.StandardService   : Starting service Tomcat
2017-08-25 14:53:10.141  INFO 24608 --- [restartedMain] org.apache.catalina.core.StandardEngine  : Starting Servlet Engine: Apache Tomcat/8.5.14
2017-08-25 14:53:10.231  INFO 24608 --- [localhost-startStop-1] o.a.c.c.C.[Tomcat].[localhost].[/]       : Initializing Spring embedded WebApplicationContext
2017-08-25 14:53:10.231  INFO 24608 --- [localhost-startStop-1] o.s.web.context.ContextLoader            : Root WebApplicationContext: initialization completed in 1950 ms
2017-08-25 14:53:10.407  INFO 24608 --- [localhost-startStop-1] o.s.b.w.servlet.ServletRegistrationBean  : Mapping servlet: 'dispatcherServlet' to [/]
2017-08-25 14:53:10.413  INFO 24608 --- [localhost-startStop-1] o.s.b.w.servlet.FilterRegistrationBean   : Mapping filter: 'characterEncodingFilter' to: [/*]
2017-08-25 14:53:10.414  INFO 24608 --- [localhost-startStop-1] o.s.b.w.servlet.FilterRegistrationBean   : Mapping filter: 'hiddenHttpMethodFilter' to: [/*]
2017-08-25 14:53:10.414  INFO 24608 --- [localhost-startStop-1] o.s.b.w.servlet.FilterRegistrationBean   : Mapping filter: 'httpPutFormContentFilter' to: [/*]
2017-08-25 14:53:10.414  INFO 24608 --- [localhost-startStop-1] o.s.b.w.servlet.FilterRegistrationBean   : Mapping filter: 'requestContextFilter' to: [/*]
2017-08-25 14:53:10.917  INFO 24608 --- [restartedMain] j.LocalContainerEntityManagerFactoryBean : Building JPA container EntityManagerFactory for persistence unit 'default'
2017-08-25 14:53:10.932  INFO 24608 --- [restartedMain] o.hibernate.jpa.internal.util.LogHelper  : HHH000204: Processing PersistenceUnitInfo [
	name: default
	...]
2017-08-25 14:53:10.992  INFO 24608 --- [restartedMain] org.hibernate.Version                    : HHH000412: Hibernate Core {5.0.12.Final}
2017-08-25 14:53:10.993  INFO 24608 --- [restartedMain] org.hibernate.cfg.Environment            : HHH000206: hibernate.properties not found
2017-08-25 14:53:10.994  INFO 24608 --- [restartedMain] org.hibernate.cfg.Environment            : HHH000021: Bytecode provider name : javassist
2017-08-25 14:53:11.030  INFO 24608 --- [restartedMain] o.hibernate.annotations.common.Version   : HCANN000001: Hibernate Commons Annotations {5.0.1.Final}
2017-08-25 14:53:11.137  INFO 24608 --- [restartedMain] org.hibernate.dialect.Dialect            : HHH000400: Using dialect: org.hibernate.dialect.MySQL5Dialect
2017-08-25 14:53:11.336  INFO 24608 --- [restartedMain] j.LocalContainerEntityManagerFactoryBean : Initialized JPA EntityManagerFactory for persistence unit 'default'
2017-08-25 14:53:11.626  INFO 24608 --- [restartedMain] s.w.s.m.m.a.RequestMappingHandlerAdapter : Looking for @ControllerAdvice: org.springframework.boot.context.embedded.AnnotationConfigEmbeddedWebApplicationContext@54d98863: startup date [Fri Aug 25 14:53:08 CST 2017]; root of context hierarchy
2017-08-25 14:53:11.699  INFO 24608 --- [restartedMain] s.w.s.m.m.a.RequestMappingHandlerMapping : Mapped "{[/]}" onto public java.lang.String com.ratsp.RatspApplication.index()
2017-08-25 14:53:11.703  INFO 24608 --- [restartedMain] s.w.s.m.m.a.RequestMappingHandlerMapping : Mapped "{[/error]}" onto public org.springframework.http.ResponseEntity<java.util.Map<java.lang.String, java.lang.Object>> org.springframework.boot.autoconfigure.web.BasicErrorController.error(javax.servlet.http.HttpServletRequest)
2017-08-25 14:53:11.703  INFO 24608 --- [restartedMain] s.w.s.m.m.a.RequestMappingHandlerMapping : Mapped "{[/error],produces=[text/html]}" onto public org.springframework.web.servlet.ModelAndView org.springframework.boot.autoconfigure.web.BasicErrorController.errorHtml(javax.servlet.http.HttpServletRequest,javax.servlet.http.HttpServletResponse)
2017-08-25 14:53:11.734  INFO 24608 --- [restartedMain] o.s.w.s.handler.SimpleUrlHandlerMapping  : Mapped URL path [/webjars/**] onto handler of type [class org.springframework.web.servlet.resource.ResourceHttpRequestHandler]
2017-08-25 14:53:11.734  INFO 24608 --- [restartedMain] o.s.w.s.handler.SimpleUrlHandlerMapping  : Mapped URL path [/**] onto handler of type [class org.springframework.web.servlet.resource.ResourceHttpRequestHandler]
2017-08-25 14:53:11.775  INFO 24608 --- [restartedMain] o.s.w.s.handler.SimpleUrlHandlerMapping  : Mapped URL path [/**/favicon.ico] onto handler of type [class org.springframework.web.servlet.resource.ResourceHttpRequestHandler]
2017-08-25 14:53:12.065  INFO 24608 --- [restartedMain] o.s.b.d.a.OptionalLiveReloadServer       : LiveReload server is running on port 35729
2017-08-25 14:53:12.268  INFO 24608 --- [restartedMain] o.s.j.e.a.AnnotationMBeanExporter        : Registering beans for JMX exposure on startup
2017-08-25 14:53:12.323  INFO 24608 --- [restartedMain] s.b.c.e.t.TomcatEmbeddedServletContainer : Tomcat started on port(s): 8080 (http)
2017-08-25 14:53:12.330  INFO 24608 --- [restartedMain] com.ratsp.RatspApplication               : Started RatspApplication in 4.484 seconds (JVM running for 4.898)
2017-08-25 14:53:27.486  INFO 21932 --- [restartedMain] com.ratsp.RatspApplication               : Starting RatspApplication on sir with PID 21932 (D:\java\idealwork\RATSP\target\classes started by dsir in D:\java\idealwork\RATSP)
2017-08-25 14:53:27.486 DEBUG 21932 --- [restartedMain] com.ratsp.RatspApplication               : Running with Spring Boot v1.5.3.RELEASE, Spring v4.3.8.RELEASE
2017-08-25 14:53:27.486  INFO 21932 --- [restartedMain] com.ratsp.RatspApplication               : No active profile set, falling back to default profiles: default
2017-08-25 14:53:31.550  INFO 21932 --- [restartedMain] com.ratsp.RatspApplication               : Started RatspApplication in 4.38 seconds (JVM running for 4.761)
2017-08-25 14:53:44.910  INFO 19140 --- [restartedMain] com.ratsp.RatspApplication               : Starting RatspApplication on sir with PID 19140 (D:\java\idealwork\RATSP\target\classes started by dsir in D:\java\idealwork\RATSP)
2017-08-25 14:53:44.911 DEBUG 19140 --- [restartedMain] com.ratsp.RatspApplication               : Running with Spring Boot v1.5.3.RELEASE, Spring v4.3.8.RELEASE
2017-08-25 14:53:44.911  INFO 19140 --- [restartedMain] com.ratsp.RatspApplication               : No active profile set, falling back to default profiles: default
2017-08-25 14:53:49.038  INFO 19140 --- [restartedMain] com.ratsp.RatspApplication               : Started RatspApplication in 4.408 seconds (JVM running for 4.804)
